0 info it worked if it ends with ok
1 verbose cli [ 'C:\\Dropbox\\Utils\\nodejs\\\\node.exe',
1 verbose cli   'C:\\Dropbox\\Utils\\nodejs\\node_modules\\npm\\bin\\npm-cli.js',
1 verbose cli   'install',
1 verbose cli   'session-memory' ]
2 info using npm@1.1.48
3 info using node@v0.8.6
4 verbose node symlink C:\Dropbox\Utils\nodejs\\node.exe
5 verbose config file C:\Users\Yakov_Zhmourov\.npmrc
6 verbose config file C:\Dropbox\Utils\nodejs\etc\npmrc
7 verbose config file C:\Dropbox\Utils\nodejs\node_modules\npm\npmrc
8 verbose read json C:\Coding\NodeSite\package.json
9 verbose read json C:\Coding\NodeSite\node_modules\express\package.json
10 verbose read json C:\Coding\NodeSite\node_modules\jade\package.json
11 verbose read json C:\Coding\NodeSite\node_modules\mongojs\package.json
12 verbose read json C:\Coding\NodeSite\node_modules\passport\package.json
13 verbose read json C:\Coding\NodeSite\node_modules\passport-local\package.json
14 verbose read json C:\Coding\NodeSite\node_modules\stylus\package.json
15 verbose read json C:\Coding\NodeSite\node_modules\supervisor\package.json
16 verbose from cache C:\Coding\NodeSite\package.json
17 verbose readDependencies using package.json deps
18 verbose cache add [ 'session-memory', null ]
19 silly cache add name=undefined spec="session-memory" args=["session-memory",null]
20 verbose parsed url { pathname: 'session-memory',
20 verbose parsed url   path: 'session-memory',
20 verbose parsed url   href: 'session-memory' }
21 silly lockFile f8d1c5d6-session-memory session-memory
22 verbose lock session-memory C:\Users\Yakov_Zhmourov\AppData\Roaming\npm-cache\f8d1c5d6-session-memory.lock
23 silly lockFile f8d1c5d6-session-memory session-memory
24 verbose addNamed [ 'session-memory', '' ]
25 verbose addNamed [ null, '' ]
26 silly lockFile 953ae38b-session-memory session-memory@
27 verbose lock session-memory@ C:\Users\Yakov_Zhmourov\AppData\Roaming\npm-cache\953ae38b-session-memory.lock
28 silly addNameRange { name: 'session-memory', range: '', hasData: false }
29 verbose url raw session-memory
30 verbose url resolving [ 'https://registry.npmjs.org/', './session-memory' ]
31 verbose url resolved https://registry.npmjs.org/session-memory
32 info retry registry request attempt 1 at 19:26:15
33 http GET https://registry.npmjs.org/session-memory
34 http 404 https://registry.npmjs.org/session-memory
35 silly registry.get cb [ 404,
35 silly registry.get   { server: 'CouchDB/1.2.0 (Erlang OTP/R15B)',
35 silly registry.get     date: 'Thu, 22 Nov 2012 15:25:45 GMT',
35 silly registry.get     'content-type': 'application/json',
35 silly registry.get     'content-length': '52',
35 silly registry.get     'cache-control': 'must-revalidate' } ]
36 silly lockFile 953ae38b-session-memory session-memory@
37 error 404 'session-memory' is not in the npm registry.
37 error 404 You should bug the author to publish it
37 error 404
37 error 404 Note that you can also install from a
37 error 404 tarball, folder, or http url, or git url.
38 error System Windows_NT 6.1.7601
39 error command "C:\\Dropbox\\Utils\\nodejs\\\\node.exe" "C:\\Dropbox\\Utils\\nodejs\\node_modules\\npm\\bin\\npm-cli.js" "install" "session-memory"
40 error cwd C:\Coding\NodeSite
41 error node -v v0.8.6
42 error npm -v 1.1.48
43 error code E404
44 verbose exit [ 1, true ]
